<?xml version="1.0" encoding="UTF-8"?>
<testsuite name="com.swisscom.gsagse.HelloWorldApplicationTests" tests="1" skipped="0" failures="0" errors="0" timestamp="2023-04-03T08:30:58" hostname="U333779" time="0.659">
  <properties/>
  <testcase name="contextLoads()" classname="com.swisscom.gsagse.HelloWorldApplicationTests" time="0.659"/>
  <system-out><![CDATA[10:30:55.997 [Test worker] DEBUG org.springframework.boot.test.context.SpringBootTestContextBootstrapper - Neither @ContextConfiguration nor @ContextHierarchy found for test class [HelloWorldApplicationTests]: using SpringBootContextLoader
10:30:56.009 [Test worker] DEBUG org.springframework.test.context.support.AbstractContextLoader - Could not detect default resource locations for test class [com.swisscom.gsagse.HelloWorldApplicationTests]: no resource found for suffixes {-context.xml, Context.groovy}.
10:30:56.010 [Test worker] INFO org.springframework.test.context.support.AnnotationConfigContextLoaderUtils - Could not detect default configuration classes for test class [com.swisscom.gsagse.HelloWorldApplicationTests]: HelloWorldApplicationTests does not declare any static, non-private, non-final, nested classes annotated with @Configuration.
10:30:56.044 [Test worker] DEBUG org.springframework.boot.test.context.SpringBootTestContextBootstrapper - Using ContextCustomizers for test class [HelloWorldApplicationTests]: [DisableObservabilityContextCustomizer, PropertyMappingContextCustomizer, Customizer, ExcludeFilterContextCustomizer, DuplicateJsonObjectContextCustomizer, MockitoContextCustomizer, TestRestTemplateContextCustomizer]
10:30:56.157 [Test worker] DEBUG org.springframework.context.annotation.ClassPathScanningCandidateComponentProvider - Identified candidate component class: file [/home/taaodma2/workspaces/gsa-gse/gsa-gse/build/classes/java/main/com/swisscom/gsagse/HelloWorldApplication.class]
10:30:56.158 [Test worker] INFO org.springframework.boot.test.context.SpringBootTestContextBootstrapper - Found @SpringBootConfiguration com.swisscom.gsagse.HelloWorldApplication for test class com.swisscom.gsagse.HelloWorldApplicationTests
10:30:56.307 [Test worker] DEBUG org.springframework.test.context.util.TestContextSpringFactoriesUtils - Skipping candidate TestExecutionListener [org.springframework.test.context.transaction.TransactionalTestExecutionListener] due to a missing dependency. Specify custom TestExecutionListener classes or make the default TestExecutionListener classes and their required dependencies available. Offending class: [org/springframework/transaction/interceptor/TransactionAttributeSource]
10:30:56.310 [Test worker] DEBUG org.springframework.test.context.util.TestContextSpringFactoriesUtils - Skipping candidate TestExecutionListener [org.springframework.test.context.jdbc.SqlScriptsTestExecutionListener] due to a missing dependency. Specify custom TestExecutionListener classes or make the default TestExecutionListener classes and their required dependencies available. Offending class: [org/springframework/transaction/interceptor/TransactionAttribute]
10:30:56.312 [Test worker] DEBUG org.springframework.boot.test.context.SpringBootTestContextBootstrapper - Using TestExecutionListeners for test class [HelloWorldApplicationTests]: [ServletTestExecutionListener, DirtiesContextBeforeModesTestExecutionListener, ApplicationEventsTestExecutionListener, MockitoTestExecutionListener, DependencyInjectionTestExecutionListener, DirtiesContextTestExecutionListener, EventPublishingTestExecutionListener, RestDocsTestExecutionListener, MockRestServiceServerResetTestExecutionListener, MockMvcPrintOnlyOnFailureTestExecutionListener, WebDriverTestExecutionListener, MockWebServiceServerTestExecutionListener, ResetMocksTestExecutionListener]
10:30:56.314 [Test worker] DEBUG org.springframework.test.context.support.AbstractDirtiesContextTestExecutionListener - Before test class: class [HelloWorldApplicationTests], class annotated with @DirtiesContext [false] with mode [null]

  .   ____          _            __ _ _
 /\\ / ___'_ __ _ _(_)_ __  __ _ \ \ \ \
( ( )\___ | '_ | '_| | '_ \/ _` | \ \ \ \
 \\/  ___)| |_)| | | | | || (_| |  ) ) ) )
  '  |____| .__|_| |_|_| |_\__, | / / / /
 =========|_|==============|___/=/_/_/_/
 :: Spring Boot ::                (v3.0.4)

2023-04-03T10:30:56.814+02:00  INFO 173105 --- [    Test worker] c.s.gsagse.HelloWorldApplicationTests    : Starting HelloWorldApplicationTests using Java 18.0.2 with PID 173105 (started by taaodma2 in /home/taaodma2/workspaces/gsa-gse/gsa-gse)
2023-04-03T10:30:56.820+02:00  INFO 173105 --- [    Test worker] c.s.gsagse.HelloWorldApplicationTests    : No active profile set, falling back to 1 default profile: "default"
2023-04-03T10:30:58.361+02:00  INFO 173105 --- [    Test worker] c.s.gsagse.HelloWorldApplicationTests    : Started HelloWorldApplicationTests in 1.979 seconds (process running for 3.66)
]]></system-out>
  <system-err><![CDATA[]]></system-err>
</testsuite>
